<?xml version="1.0" encoding="UTF-8"?>
<!-- Generated by org.testng.reporters.JUnitReportReporter -->
<testsuite hostname="LAPTOP-A0RISGTB" failures="0" tests="1" name="clase6.CambiosSelenium4Mobile" time="8.850" errors="0" timestamp="2024-02-24T09:22:47 ART" skipped="0">
  <testcase classname="clase6.CambiosSelenium4Mobile" name="mobileEmulationTest" time="8.850"/>
</testsuite> <!-- clase6.CambiosSelenium4Mobile -->
