<?xml version="1.0" encoding="UTF-8"?>
<!-- Generated by org.testng.reporters.JUnitReportReporter -->
<testsuite hostname="LAPTOP-A0RISGTB" failures="0" tests="3" name="clase5.proyInt2.Laboratorio4_E2" time="31.932" errors="0" timestamp="2024-02-17T11:09:43 ART" skipped="0">
  <testcase classname="clase5.proyInt2.Laboratorio4_E2" name="irRegistroLoginExcel" time="10.862"/>
  <testcase classname="clase5.proyInt2.Laboratorio4_E2" name="irRegistroLoginExcel" time="10.699"/>
  <testcase classname="clase5.proyInt2.Laboratorio4_E2" name="irRegistroLoginExcel" time="10.371"/>
</testsuite> <!-- clase5.proyInt2.Laboratorio4_E2 -->
