<?xml version="1.0" encoding="UTF-8"?>
<!-- Generated by org.testng.reporters.JUnitReportReporter -->
<testsuite hostname="LAPTOP-A0RISGTB" failures="0" tests="1" name="clase6.Laboratio6punto1" time="10.801" errors="0" timestamp="2024-02-24T10:23:52 ART" skipped="0">
  <testcase classname="clase6.Laboratio6punto1" name="searchItem" time="10.801"/>
</testsuite> <!-- clase6.Laboratio6punto1 -->
