<?xml version="1.0" encoding="UTF-8"?>
<!-- Generated by org.testng.reporters.JUnitReportReporter -->
<testsuite hostname="LAPTOP-A0RISGTB" failures="0" tests="1" name="clase5.proyInt2.UploadArchivo" time="6.081" errors="0" timestamp="2024-02-17T11:28:04 ART" skipped="0">
  <testcase classname="clase5.proyInt2.UploadArchivo" name="uploadTest" time="6.081"/>
</testsuite> <!-- clase5.proyInt2.UploadArchivo -->
