<?xml version="1.0" encoding="UTF-8"?>
<!-- Generated by org.testng.reporters.JUnitReportReporter -->
<testsuite hostname="LAPTOP-A0RISGTB" failures="0" tests="1" name="clase4.proyInt2.Laboratorio4_E1" time="9.867" errors="0" timestamp="2024-02-10T12:42:42 ART" skipped="0">
  <testcase classname="clase4.proyInt2.Laboratorio4_E1" name="crearCuentaInvalida" time="9.867"/>
</testsuite> <!-- clase4.proyInt2.Laboratorio4_E1 -->
