<?xml version="1.0" encoding="UTF-8"?>
<!-- Generated by org.testng.reporters.JUnitReportReporter -->
<testsuite hostname="LAPTOP-A0RISGTB" failures="0" tests="1" name="clase4.proyInt2.Laboratorio4" time="18.581" errors="0" timestamp="2024-02-10T14:54:28 ART" skipped="0">
  <testcase classname="clase4.proyInt2.Laboratorio4" name="registroUsuario" time="18.581"/>
</testsuite> <!-- clase4.proyInt2.Laboratorio4 -->
