<?xml version="1.0" encoding="UTF-8"?>
<!-- Generated by org.testng.reporters.JUnitReportReporter -->
<testsuite hostname="LAPTOP-A0RISGTB" failures="0" tests="3" name="clase3.Anotaciones" time="0.006" errors="0" timestamp="2024-02-03T12:41:28 ART" skipped="0">
  <testcase classname="clase3.Anotaciones" name="testTres" time="0.002"/>
  <testcase classname="clase3.Anotaciones" name="testUno" time="0.001"/>
  <testcase classname="clase3.Anotaciones" name="testDos" time="0.003"/>
</testsuite> <!-- clase3.Anotaciones -->
