<?xml version="1.0" encoding="UTF-8"?>
<!-- Generated by org.testng.reporters.JUnitReportReporter -->
<testsuite hostname="LAPTOP-A0RISGTB" failures="0" tests="1" name="clase4.proyInt2.Laboratorio4_E2" time="11.948" errors="0" timestamp="2024-02-17T10:41:42 ART" skipped="0">
  <testcase classname="clase4.proyInt2.Laboratorio4_E2" name="irRegistroLogin" time="11.948"/>
</testsuite> <!-- clase4.proyInt2.Laboratorio4_E2 -->
