<?xml version="1.0" encoding="UTF-8"?>
<!-- Generated by org.testng.reporters.JUnitReportReporter -->
<testsuite hostname="LAPTOP-A0RISGTB" failures="0" tests="1" name="clase5.proyInt2.ManejoTablas" time="5.056" errors="0" timestamp="2024-02-17T12:18:50 ART" skipped="0">
  <testcase classname="clase5.proyInt2.ManejoTablas" name="downloadFile" time="5.056"/>
</testsuite> <!-- clase5.proyInt2.ManejoTablas -->
