<?xml version="1.0" encoding="UTF-8"?>
<!-- Generated by org.testng.reporters.JUnitReportReporter -->
<testsuite hostname="LAPTOP-A0RISGTB" failures="0" tests="1" name="clase4.proyInt2.Laboratorio3" time="18.622" errors="0" timestamp="2024-02-10T12:24:53 ART" skipped="0">
  <testcase classname="clase4.proyInt2.Laboratorio3" name="registroUsuario" time="18.622"/>
</testsuite> <!-- clase4.proyInt2.Laboratorio3 -->
