<?xml version="1.0" encoding="UTF-8"?>
<!-- Generated by org.testng.reporters.JUnitReportReporter -->
<testsuite hostname="LAPTOP-A0RISGTB" failures="0" tests="1" name="clase5.proyInt2.DownloadFile" time="9.885" errors="0" timestamp="2024-02-17T11:39:41 ART" skipped="0">
  <testcase classname="clase5.proyInt2.DownloadFile" name="downloadFile" time="9.885"/>
</testsuite> <!-- clase5.proyInt2.DownloadFile -->
