<?xml version="1.0" encoding="UTF-8"?>
<!-- Generated by org.testng.reporters.JUnitReportReporter -->
<testsuite hostname="LAPTOP-A0RISGTB" failures="0" tests="1" name="clase6.CambiosSelenium4" time="4.159" errors="0" timestamp="2024-02-24T12:27:47 ART" skipped="0">
  <testcase classname="clase6.CambiosSelenium4" name="screenshotFromElementTest" time="4.159"/>
</testsuite> <!-- clase6.CambiosSelenium4 -->
