<?xml version="1.0" encoding="UTF-8"?>
<!-- Generated by org.testng.reporters.JUnitReportReporter -->
<testsuite hostname="LAPTOP-A0RISGTB" failures="0" tests="1" name="clase4.CrossBrowserTesting" time="1.011" errors="0" timestamp="2024-02-17T13:08:07 ART" skipped="0">
  <testcase classname="clase4.CrossBrowserTesting" name="searchItem" time="1.011"/>
</testsuite> <!-- clase4.CrossBrowserTesting -->
