<?xml version="1.0" encoding="UTF-8"?>
<!-- Generated by org.testng.reporters.JUnitReportReporter -->
<testsuite hostname="LAPTOP-A0RISGTB" failures="0" tests="1" name="clase3.proyInt.Laboratorio3" time="8.089" errors="0" timestamp="2024-02-03T12:41:28 ART" skipped="0">
  <testcase classname="clase3.proyInt.Laboratorio3" name="registroUsuario" time="8.089"/>
</testsuite> <!-- clase3.proyInt.Laboratorio3 -->
