<?xml version="1.0" encoding="UTF-8"?>
<!-- Generated by org.testng.reporters.JUnitReportReporter -->
<testsuite hostname="LAPTOP-A0RISGTB" failures="0" tests="1" name="clase6.Laboratio6" time="5.068" errors="0" timestamp="2024-02-24T10:20:05 ART" skipped="0">
  <testcase classname="clase6.Laboratio6" name="loginTest" time="5.068"/>
</testsuite> <!-- clase6.Laboratio6 -->
