<?xml version="1.0" encoding="UTF-8"?>
<!-- Generated by org.testng.reporters.JUnitReportReporter -->
<testsuite hostname="LAPTOP-A0RISGTB" failures="0" tests="4" name="clase1.proyInt.Laboratorio1" time="30.835" errors="0" timestamp="2024-02-03T12:13:34 ART" skipped="0">
  <testcase classname="clase1.proyInt.Laboratorio1" name="lab1_E1" time="7.944"/>
  <testcase classname="clase1.proyInt.Laboratorio1" name="lab1_test" time="0.002"/>
  <testcase classname="clase1.proyInt.Laboratorio1" name="lab1_E2" time="11.183"/>
  <testcase classname="clase1.proyInt.Laboratorio1" name="lab1_E3" time="11.706"/>
</testsuite> <!-- clase1.proyInt.Laboratorio1 -->
