<?xml version="1.0" encoding="UTF-8"?>
<!-- Generated by org.testng.reporters.JUnitReportReporter -->
<testsuite hostname="LAPTOP-A0RISGTB" failures="0" tests="2" name="clase4.CrossBrowserTest" time="2.602" errors="0" timestamp="2024-02-24T10:39:45 ART" skipped="0">
  <testcase classname="clase4.CrossBrowserTest" name="searchItem" time="1.299"/>
  <testcase classname="clase4.CrossBrowserTest" name="searchItem" time="1.303"/>
</testsuite> <!-- clase4.CrossBrowserTest -->
