<?xml version="1.0" encoding="UTF-8"?>
<!-- Generated by org.testng.reporters.JUnitReportReporter -->
<testsuite hostname="LAPTOP-A0RISGTB" failures="0" tests="1" name="clase6.CambiosSelenium4" time="6.206" errors="0" timestamp="2024-02-23T19:29:26 ART" skipped="0">
  <testcase classname="clase6.CambiosSelenium4" name="geoLocTest" time="6.206"/>
</testsuite> <!-- clase6.CambiosSelenium4 -->
