<?xml version="1.0" encoding="UTF-8"?>
<!-- Generated by org.testng.reporters.JUnitReportReporter -->
<testsuite hostname="LAPTOP-A0RISGTB" failures="0" tests="1" name="clase6.Laboratio6punto2" time="9.566" errors="0" timestamp="2024-02-24T10:29:56 ART" skipped="0">
  <testcase classname="clase6.Laboratio6punto2" name="searchItem" time="9.566"/>
</testsuite> <!-- clase6.Laboratio6punto2 -->
