<?xml version="1.0" encoding="UTF-8"?>
<!-- Generated by org.testng.reporters.JUnitReportReporter -->
<testsuite hostname="LAPTOP-A0RISGTB" failures="0" tests="1" name="clase6.CambiosSelenium4GeoStore" time="0.998" errors="0" timestamp="2024-02-23T21:35:43 ART" skipped="0">
  <testcase classname="clase6.CambiosSelenium4GeoStore" name="geoLocTest" time="0.998"/>
</testsuite> <!-- clase6.CambiosSelenium4GeoStore -->
