<?xml version="1.0" encoding="UTF-8"?>
<!-- Generated by org.testng.reporters.JUnitReportReporter -->
<testsuite hostname="LAPTOP-A0RISGTB" failures="0" tests="1" name="clase6.DataBase" time="0.247" errors="0" timestamp="2024-02-17T13:01:33 ART" skipped="0">
  <testcase classname="clase6.DataBase" name="insertTest" time="0.247"/>
</testsuite> <!-- clase6.DataBase -->
