<?xml version="1.0" encoding="UTF-8"?>
<!-- Generated by org.testng.reporters.JUnitReportReporter -->
<testsuite hostname="LAPTOP-A0RISGTB" failures="0" tests="1" name="clase3.proyInt2.ManejoDeExcepciones" time="0.015" errors="0" timestamp="2024-02-10T10:18:01 ART" skipped="0">
  <testcase classname="clase3.proyInt2.ManejoDeExcepciones" name="divisionTest" time="0.015"/>
</testsuite> <!-- clase3.proyInt2.ManejoDeExcepciones -->
