<?xml version="1.0" encoding="UTF-8"?>
<!-- Generated by org.testng.reporters.JUnitReportReporter -->
<testsuite hostname="LAPTOP-A0RISGTB" failures="0" tests="1" name="clase6.CambiosSeleniumMobile" time="5.351" errors="0" timestamp="2024-02-24T12:41:11 ART" skipped="0">
  <testcase classname="clase6.CambiosSeleniumMobile" name="loginTest" time="5.351"/>
</testsuite> <!-- clase6.CambiosSeleniumMobile -->
