<?xml version="1.0" encoding="UTF-8"?>
<!-- Generated by org.testng.reporters.JUnitReportReporter -->
<testsuite hostname="LAPTOP-A0RISGTB" failures="0" tests="1" name="clase6.CambiosSelenium4Geo" time="3.690" errors="0" timestamp="2024-02-23T20:11:55 ART" skipped="0">
  <testcase classname="clase6.CambiosSelenium4Geo" name="geoLocTest" time="3.690"/>
</testsuite> <!-- clase6.CambiosSelenium4Geo -->
