<?xml version="1.0" encoding="UTF-8"?>
<!-- Generated by org.testng.reporters.JUnitReportReporter -->
<testsuite hostname="LAPTOP-A0RISGTB" failures="0" tests="1" name="clase4.proyInt2.Laboratorio4punto3" time="7.764" errors="0" timestamp="2024-02-10T12:54:23 ART" skipped="0">
  <testcase classname="clase4.proyInt2.Laboratorio4punto3" name="laboratorio1Ej1" time="7.764"/>
</testsuite> <!-- clase4.proyInt2.Laboratorio4punto3 -->
