<?xml version="1.0" encoding="UTF-8"?>
<!-- Generated by org.testng.reporters.JUnitReportReporter -->
<testsuite hostname="LAPTOP-A0RISGTB" failures="0" tests="2" name="clase4.CrossBrowserTest" time="2.428" errors="0" timestamp="2024-02-24T10:48:02 ART" skipped="0">
  <testcase classname="clase4.CrossBrowserTest" name="searchItem" time="1.341"/>
  <testcase classname="clase4.CrossBrowserTest" name="searchItem" time="1.087"/>
</testsuite> <!-- clase4.CrossBrowserTest -->
